app/build/intermediates/manifest_merge_blame_file/release/processReleaseMainManifest/manifest-merger-blame-release-report.txt
1<?xml version="1.0" encoding="utf-8"?>
2<!--
3    Copyright 2019 Google Inc. All Rights Reserved.
4
5     Licensed under the Apache License, Version 2.0 (the "License");
6     you may not use this file except in compliance with the License.
7     You may obtain a copy of the License at
8
9         http://www.apache.org/licenses/LICENSE-2.0
10
11     Unless required by applicable law or agreed to in writing, software
12     distributed under the License is distributed on an "AS IS" BASIS,
13     WITHOUT WARRANTIES OR CONDITIONS OF ANY KIND, either express or implied.
14     See the License for the specific language governing permissions and
15     limitations under the License.
16-->
17<!--
18 The "package" attribute is rewritten by the Gradle build with the value of applicationId.
19     It is still required here, as it is used to derive paths, for instance when referring
20     to an Activity by ".MyActivity" instead of the full name. If more Activities are added to the
21     application, the package attribute will need to reflect the correct path in order to use
22     the abbreviated format.
23-->
24<manifest xmlns:android="http://schemas.android.com/apk/res/android"
25    package="uk.co.visubudget.twa"
26    android:versionCode="3"
27    android:versionName="3" >
28
29    <uses-sdk
30        android:minSdkVersion="21"
31        android:targetSdkVersion="35" />
32
33    <uses-permission android:name="android.permission.POST_NOTIFICATIONS" />
33-->src/main/AndroidManifest.xml:26:9-80
33-->src/main/AndroidManifest.xml:26:26-78
34    <uses-permission android:name="android.permission.ACCESS_FINE_LOCATION" />
34-->[com.google.androidbrowserhelper:locationdelegation:1.1.2] AndroidManifest.xml:7:5-79
34-->[com.google.androidbrowserhelper:locationdelegation:1.1.2] AndroidManifest.xml:7:22-76
35    <uses-permission android:name="android.permission.ACCESS_COARSE_LOCATION" />
35-->[com.google.androidbrowserhelper:locationdelegation:1.1.2] AndroidManifest.xml:8:5-81
35-->[com.google.androidbrowserhelper:locationdelegation:1.1.2] AndroidManifest.xml:8:22-78
36
37    <queries>
37-->[com.google.androidbrowserhelper:androidbrowserhelper:2.6.1] AndroidManifest.xml:22:5-30:15
38        <intent>
38-->[com.google.androidbrowserhelper:androidbrowserhelper:2.6.1] AndroidManifest.xml:23:9-29:18
39            <action android:name="android.intent.action.VIEW" />
39-->src/main/AndroidManifest.xml:139:17-68
39-->src/main/AndroidManifest.xml:139:25-66
40
41            <category android:name="android.intent.category.BROWSABLE" />
41-->src/main/AndroidManifest.xml:141:17-77
41-->src/main/AndroidManifest.xml:141:27-75
42
43            <data android:scheme="https" />
43-->src/main/AndroidManifest.xml:142:17-145:19
43-->src/main/AndroidManifest.xml:142:23-45
44        </intent>
45        <intent>
45-->[com.android.billingclient:billing:6.2.1] AndroidManifest.xml:13:9-15:18
46            <action android:name="com.android.vending.billing.InAppBillingService.BIND" />
46-->[com.android.billingclient:billing:6.2.1] AndroidManifest.xml:14:13-91
46-->[com.android.billingclient:billing:6.2.1] AndroidManifest.xml:14:21-88
47        </intent>
48    </queries>
49
50    <uses-permission android:name="com.android.vending.BILLING" />
50-->[com.android.billingclient:billing:6.2.1] AndroidManifest.xml:10:5-67
50-->[com.android.billingclient:billing:6.2.1] AndroidManifest.xml:10:22-64
51
52    <permission
52-->[androidx.core:core:1.13.0] AndroidManifest.xml:22:5-24:47
53        android:name="uk.co.visubudget.twa.DYNAMIC_RECEIVER_NOT_EXPORTED_PERMISSION"
53-->[androidx.core:core:1.13.0] AndroidManifest.xml:23:9-81
54        android:protectionLevel="signature" />
54-->[androidx.core:core:1.13.0] AndroidManifest.xml:24:9-44
55
56    <uses-permission android:name="uk.co.visubudget.twa.DYNAMIC_RECEIVER_NOT_EXPORTED_PERMISSION" /> <!-- Although the *SdkVersion is captured in gradle build files, this is required for non gradle builds -->
56-->[androidx.core:core:1.13.0] AndroidManifest.xml:26:5-97
56-->[androidx.core:core:1.13.0] AndroidManifest.xml:26:22-94
57    <!-- <uses-sdk android:minSdkVersion="14"/> -->
58    <uses-permission android:name="android.permission.ACCESS_NETWORK_STATE" />
58-->[com.google.android.datatransport:transport-backend-cct:3.1.8] AndroidManifest.xml:24:5-79
58-->[com.google.android.datatransport:transport-backend-cct:3.1.8] AndroidManifest.xml:24:22-76
59    <uses-permission android:name="android.permission.INTERNET" />
59-->[com.google.android.datatransport:transport-backend-cct:3.1.8] AndroidManifest.xml:25:5-67
59-->[com.google.android.datatransport:transport-backend-cct:3.1.8] AndroidManifest.xml:25:22-64
60
61    <application
61-->src/main/AndroidManifest.xml:35:5-218:19
62        android:name="uk.co.visubudget.twa.Application"
62-->src/main/AndroidManifest.xml:36:9-35
63        android:allowBackup="true"
63-->src/main/AndroidManifest.xml:37:9-35
64        android:appComponentFactory="androidx.core.app.CoreComponentFactory"
64-->[androidx.core:core:1.13.0] AndroidManifest.xml:28:18-86
65        android:extractNativeLibs="true"
66        android:icon="@mipmap/ic_launcher"
66-->src/main/AndroidManifest.xml:38:9-43
67        android:label="@string/appName"
67-->src/main/AndroidManifest.xml:39:9-40
68        android:manageSpaceActivity="com.google.androidbrowserhelper.trusted.ManageDataLauncherActivity"
68-->src/main/AndroidManifest.xml:41:9-105
69        android:supportsRtl="true"
69-->src/main/AndroidManifest.xml:43:9-35
70        android:theme="@android:style/Theme.Translucent.NoTitleBar" >
70-->src/main/AndroidManifest.xml:44:9-68
71        <meta-data
71-->src/main/AndroidManifest.xml:46:9-48:58
72            android:name="asset_statements"
72-->src/main/AndroidManifest.xml:47:13-44
73            android:resource="@string/assetStatements" />
73-->src/main/AndroidManifest.xml:48:13-55
74        <meta-data
74-->src/main/AndroidManifest.xml:51:13-53:58
75            android:name="web_manifest_url"
75-->src/main/AndroidManifest.xml:52:17-48
76            android:value="@string/webManifestUrl" />
76-->src/main/AndroidManifest.xml:53:17-55
77        <meta-data
77-->src/main/AndroidManifest.xml:56:9-58:52
78            android:name="twa_generator"
78-->src/main/AndroidManifest.xml:57:13-41
79            android:value="@string/generatorApp" />
79-->src/main/AndroidManifest.xml:58:13-49
80
81        <activity android:name="com.google.androidbrowserhelper.trusted.ManageDataLauncherActivity" >
81-->src/main/AndroidManifest.xml:65:13-69:24
81-->src/main/AndroidManifest.xml:65:23-104
82            <meta-data
82-->src/main/AndroidManifest.xml:66:13-68:53
83                android:name="android.support.customtabs.trusted.MANAGE_SPACE_URL"
83-->src/main/AndroidManifest.xml:67:17-83
84                android:value="@string/launchUrl" />
84-->src/main/AndroidManifest.xml:68:17-50
85        </activity>
86        <activity
86-->src/main/AndroidManifest.xml:72:9-151:20
87            android:name="uk.co.visubudget.twa.LauncherActivity"
87-->src/main/AndroidManifest.xml:72:19-50
88            android:alwaysRetainTaskState="true"
88-->src/main/AndroidManifest.xml:73:13-49
89            android:exported="true"
89-->src/main/AndroidManifest.xml:75:13-36
90            android:label="@string/launcherName" >
90-->src/main/AndroidManifest.xml:74:13-49
91            <meta-data
91-->src/main/AndroidManifest.xml:76:13-77:53
92                android:name="android.support.customtabs.trusted.DEFAULT_URL"
92-->src/main/AndroidManifest.xml:76:24-85
93                android:value="@string/launchUrl" />
93-->src/main/AndroidManifest.xml:77:17-50
94            <meta-data
94-->src/main/AndroidManifest.xml:79:13-81:58
95                android:name="android.support.customtabs.trusted.STATUS_BAR_COLOR"
95-->src/main/AndroidManifest.xml:80:17-83
96                android:resource="@color/colorPrimary" />
96-->src/main/AndroidManifest.xml:81:17-55
97            <meta-data
97-->src/main/AndroidManifest.xml:85:13-87:62
98                android:name="android.support.customtabs.trusted.STATUS_BAR_COLOR_DARK"
98-->src/main/AndroidManifest.xml:86:17-88
99                android:resource="@color/colorPrimaryDark" />
99-->src/main/AndroidManifest.xml:87:17-59
100            <meta-data
100-->src/main/AndroidManifest.xml:89:13-91:61
101                android:name="android.support.customtabs.trusted.NAVIGATION_BAR_COLOR"
101-->src/main/AndroidManifest.xml:90:17-87
102                android:resource="@color/navigationColor" />
102-->src/main/AndroidManifest.xml:91:17-58
103            <meta-data
103-->src/main/AndroidManifest.xml:93:13-95:65
104                android:name="android.support.customtabs.trusted.NAVIGATION_BAR_COLOR_DARK"
104-->src/main/AndroidManifest.xml:94:17-92
105                android:resource="@color/navigationColorDark" />
105-->src/main/AndroidManifest.xml:95:17-62
106            <meta-data
106-->src/main/AndroidManifest.xml:97:13-99:68
107                android:name="androix.browser.trusted.NAVIGATION_BAR_DIVIDER_COLOR"
107-->src/main/AndroidManifest.xml:98:17-84
108                android:resource="@color/navigationDividerColor" />
108-->src/main/AndroidManifest.xml:99:17-65
109            <meta-data
109-->src/main/AndroidManifest.xml:101:13-103:72
110                android:name="androix.browser.trusted.NAVIGATION_BAR_DIVIDER_COLOR_DARK"
110-->src/main/AndroidManifest.xml:102:17-89
111                android:resource="@color/navigationDividerColorDark" />
111-->src/main/AndroidManifest.xml:103:17-69
112            <meta-data
112-->src/main/AndroidManifest.xml:105:13-106:54
113                android:name="android.support.customtabs.trusted.SPLASH_IMAGE_DRAWABLE"
113-->src/main/AndroidManifest.xml:105:24-95
114                android:resource="@drawable/splash" />
114-->src/main/AndroidManifest.xml:106:17-52
115            <meta-data
115-->src/main/AndroidManifest.xml:108:13-109:60
116                android:name="android.support.customtabs.trusted.SPLASH_SCREEN_BACKGROUND_COLOR"
116-->src/main/AndroidManifest.xml:108:24-104
117                android:resource="@color/backgroundColor" />
117-->src/main/AndroidManifest.xml:109:17-58
118            <meta-data
118-->src/main/AndroidManifest.xml:111:13-112:71
119                android:name="android.support.customtabs.trusted.SPLASH_SCREEN_FADE_OUT_DURATION"
119-->src/main/AndroidManifest.xml:111:24-105
120                android:value="@integer/splashScreenFadeOutDuration" />
120-->src/main/AndroidManifest.xml:112:17-69
121            <meta-data
121-->src/main/AndroidManifest.xml:114:13-115:60
122                android:name="android.support.customtabs.trusted.FILE_PROVIDER_AUTHORITY"
122-->src/main/AndroidManifest.xml:114:24-97
123                android:value="@string/providerAuthority" />
123-->src/main/AndroidManifest.xml:115:17-58
124            <meta-data
124-->src/main/AndroidManifest.xml:117:13-97
125                android:name="android.app.shortcuts"
125-->src/main/AndroidManifest.xml:117:24-60
126                android:resource="@xml/shortcuts" />
126-->src/main/AndroidManifest.xml:117:61-94
127            <meta-data
127-->src/main/AndroidManifest.xml:119:13-120:56
128                android:name="android.support.customtabs.trusted.FALLBACK_STRATEGY"
128-->src/main/AndroidManifest.xml:119:24-91
129                android:value="@string/fallbackType" />
129-->src/main/AndroidManifest.xml:120:17-53
130            <meta-data
130-->src/main/AndroidManifest.xml:126:13-127:54
131                android:name="android.support.customtabs.trusted.SCREEN_ORIENTATION"
131-->src/main/AndroidManifest.xml:126:24-92
132                android:value="@string/orientation" />
132-->src/main/AndroidManifest.xml:127:17-52
133
134            <intent-filter>
134-->src/main/AndroidManifest.xml:133:13-136:29
135                <action android:name="android.intent.action.MAIN" />
135-->src/main/AndroidManifest.xml:134:17-69
135-->src/main/AndroidManifest.xml:134:25-66
136
137                <category android:name="android.intent.category.LAUNCHER" />
137-->src/main/AndroidManifest.xml:135:17-77
137-->src/main/AndroidManifest.xml:135:27-74
138            </intent-filter>
139            <intent-filter android:autoVerify="true" >
139-->src/main/AndroidManifest.xml:138:13-146:29
139-->src/main/AndroidManifest.xml:138:28-53
140                <action android:name="android.intent.action.VIEW" />
140-->src/main/AndroidManifest.xml:139:17-68
140-->src/main/AndroidManifest.xml:139:25-66
141
142                <category android:name="android.intent.category.DEFAULT" />
142-->src/main/AndroidManifest.xml:140:17-76
142-->src/main/AndroidManifest.xml:140:27-73
143                <category android:name="android.intent.category.BROWSABLE" />
143-->src/main/AndroidManifest.xml:141:17-77
143-->src/main/AndroidManifest.xml:141:27-75
144
145                <data
145-->src/main/AndroidManifest.xml:142:17-145:19
146                    android:host="@string/hostName"
146-->src/main/AndroidManifest.xml:143:21-52
147                    android:scheme="https" />
147-->src/main/AndroidManifest.xml:142:23-45
148            </intent-filter>
149        </activity>
150        <activity android:name="com.google.androidbrowserhelper.trusted.FocusActivity" />
150-->src/main/AndroidManifest.xml:153:9-90
150-->src/main/AndroidManifest.xml:153:19-87
151        <activity
151-->src/main/AndroidManifest.xml:155:9-156:62
152            android:name="com.google.androidbrowserhelper.trusted.WebViewFallbackActivity"
152-->src/main/AndroidManifest.xml:155:19-97
153            android:configChanges="orientation|screenSize" />
153-->src/main/AndroidManifest.xml:156:13-59
154
155        <provider
155-->src/main/AndroidManifest.xml:158:9-166:20
156            android:name="androidx.core.content.FileProvider"
156-->src/main/AndroidManifest.xml:159:13-62
157            android:authorities="@string/providerAuthority"
157-->src/main/AndroidManifest.xml:160:13-60
158            android:exported="false"
158-->src/main/AndroidManifest.xml:162:13-37
159            android:grantUriPermissions="true" >
159-->src/main/AndroidManifest.xml:161:13-47
160            <meta-data
160-->src/main/AndroidManifest.xml:163:13-165:53
161                android:name="android.support.FILE_PROVIDER_PATHS"
161-->src/main/AndroidManifest.xml:164:17-67
162                android:resource="@xml/filepaths" />
162-->src/main/AndroidManifest.xml:165:17-50
163        </provider>
164
165        <service
165-->src/main/AndroidManifest.xml:168:9-183:19
166            android:name="uk.co.visubudget.twa.DelegationService"
166-->src/main/AndroidManifest.xml:169:13-46
167            android:enabled="@bool/enableNotification"
167-->src/main/AndroidManifest.xml:170:13-55
168            android:exported="@bool/enableNotification" >
168-->src/main/AndroidManifest.xml:171:13-56
169            <meta-data
169-->src/main/AndroidManifest.xml:174:17-176:73
170                android:name="android.support.customtabs.trusted.SMALL_ICON"
170-->src/main/AndroidManifest.xml:175:21-81
171                android:resource="@drawable/ic_notification_icon" />
171-->src/main/AndroidManifest.xml:176:21-70
172
173            <intent-filter>
173-->src/main/AndroidManifest.xml:179:13-182:29
174                <action android:name="android.support.customtabs.trusted.TRUSTED_WEB_ACTIVITY_SERVICE" />
174-->src/main/AndroidManifest.xml:180:17-105
174-->src/main/AndroidManifest.xml:180:25-103
175
176                <category android:name="android.intent.category.DEFAULT" />
176-->src/main/AndroidManifest.xml:140:17-76
176-->src/main/AndroidManifest.xml:140:27-73
177            </intent-filter>
178        </service>
179
180        <activity android:name="com.google.androidbrowserhelper.trusted.NotificationPermissionRequestActivity" />
180-->src/main/AndroidManifest.xml:186:13-118
180-->src/main/AndroidManifest.xml:186:23-115
181        <activity android:name="com.google.androidbrowserhelper.locationdelegation.PermissionRequestActivity" />
181-->src/main/AndroidManifest.xml:190:13-191:89
181-->src/main/AndroidManifest.xml:190:23-123
182        <activity
182-->src/main/AndroidManifest.xml:194:9-207:20
183            android:name="com.google.androidbrowserhelper.playbilling.provider.PaymentActivity"
183-->src/main/AndroidManifest.xml:195:13-96
184            android:configChanges="keyboardHidden|keyboard|orientation|screenLayout|screenSize"
184-->src/main/AndroidManifest.xml:197:13-96
185            android:exported="true"
185-->src/main/AndroidManifest.xml:198:13-36
186            android:theme="@android:style/Theme.Translucent.NoTitleBar" >
186-->src/main/AndroidManifest.xml:196:13-72
187            <intent-filter>
187-->src/main/AndroidManifest.xml:200:13-202:29
188                <action android:name="org.chromium.intent.action.PAY" />
188-->src/main/AndroidManifest.xml:201:17-73
188-->src/main/AndroidManifest.xml:201:25-70
189            </intent-filter>
190
191            <meta-data
191-->src/main/AndroidManifest.xml:204:13-206:67
192                android:name="org.chromium.default_payment_method_name"
192-->src/main/AndroidManifest.xml:205:17-72
193                android:value="https://play.google.com/billing" />
193-->src/main/AndroidManifest.xml:206:17-64
194        </activity>
195
196        <!-- This service checks who calls it at runtime. -->
197        <service
197-->src/main/AndroidManifest.xml:210:9-216:19
198            android:name="com.google.androidbrowserhelper.playbilling.provider.PaymentService"
198-->src/main/AndroidManifest.xml:211:13-95
199            android:exported="true" >
199-->src/main/AndroidManifest.xml:212:13-36
200            <intent-filter>
200-->src/main/AndroidManifest.xml:213:13-215:29
201                <action android:name="org.chromium.intent.action.IS_READY_TO_PAY" />
201-->src/main/AndroidManifest.xml:214:17-85
201-->src/main/AndroidManifest.xml:214:25-82
202            </intent-filter>
203        </service>
204
205        <meta-data
205-->[com.android.billingclient:billing:6.2.1] AndroidManifest.xml:19:9-21:37
206            android:name="com.google.android.play.billingclient.version"
206-->[com.android.billingclient:billing:6.2.1] AndroidManifest.xml:20:13-73
207            android:value="6.2.1" />
207-->[com.android.billingclient:billing:6.2.1] AndroidManifest.xml:21:13-34
208
209        <activity
209-->[com.android.billingclient:billing:6.2.1] AndroidManifest.xml:23:9-27:75
210            android:name="com.android.billingclient.api.ProxyBillingActivity"
210-->[com.android.billingclient:billing:6.2.1] AndroidManifest.xml:24:13-78
211            android:configChanges="keyboard|keyboardHidden|screenLayout|screenSize|orientation"
211-->[com.android.billingclient:billing:6.2.1] AndroidManifest.xml:25:13-96
212            android:exported="false"
212-->[com.android.billingclient:billing:6.2.1] AndroidManifest.xml:26:13-37
213            android:theme="@android:style/Theme.Translucent.NoTitleBar" />
213-->[com.android.billingclient:billing:6.2.1] AndroidManifest.xml:27:13-72
214        <activity
214-->[com.android.billingclient:billing:6.2.1] AndroidManifest.xml:28:9-32:75
215            android:name="com.android.billingclient.api.ProxyBillingActivityV2"
215-->[com.android.billingclient:billing:6.2.1] AndroidManifest.xml:29:13-80
216            android:configChanges="keyboard|keyboardHidden|screenLayout|screenSize|orientation"
216-->[com.android.billingclient:billing:6.2.1] AndroidManifest.xml:30:13-96
217            android:exported="false"
217-->[com.android.billingclient:billing:6.2.1] AndroidManifest.xml:31:13-37
218            android:theme="@android:style/Theme.Translucent.NoTitleBar" />
218-->[com.android.billingclient:billing:6.2.1] AndroidManifest.xml:32:13-72
219        <activity
219-->[com.google.android.gms:play-services-base:18.3.0] AndroidManifest.xml:20:9-22:45
220            android:name="com.google.android.gms.common.api.GoogleApiActivity"
220-->[com.google.android.gms:play-services-base:18.3.0] AndroidManifest.xml:20:19-85
221            android:exported="false"
221-->[com.google.android.gms:play-services-base:18.3.0] AndroidManifest.xml:22:19-43
222            android:theme="@android:style/Theme.Translucent.NoTitleBar" />
222-->[com.google.android.gms:play-services-base:18.3.0] AndroidManifest.xml:21:19-78
223
224        <meta-data
224-->[com.google.android.gms:play-services-basement:18.3.0] AndroidManifest.xml:21:9-23:69
225            android:name="com.google.android.gms.version"
225-->[com.google.android.gms:play-services-basement:18.3.0] AndroidManifest.xml:22:13-58
226            android:value="@integer/google_play_services_version" />
226-->[com.google.android.gms:play-services-basement:18.3.0] AndroidManifest.xml:23:13-66
227
228        <provider
228-->[androidx.emoji2:emoji2:1.3.0] AndroidManifest.xml:24:9-32:20
229            android:name="androidx.startup.InitializationProvider"
229-->[androidx.emoji2:emoji2:1.3.0] AndroidManifest.xml:25:13-67
230            android:authorities="uk.co.visubudget.twa.androidx-startup"
230-->[androidx.emoji2:emoji2:1.3.0] AndroidManifest.xml:26:13-68
231            android:exported="false" >
231-->[androidx.emoji2:emoji2:1.3.0] AndroidManifest.xml:27:13-37
232            <meta-data
232-->[androidx.emoji2:emoji2:1.3.0] AndroidManifest.xml:29:13-31:52
233                android:name="androidx.emoji2.text.EmojiCompatInitializer"
233-->[androidx.emoji2:emoji2:1.3.0] AndroidManifest.xml:30:17-75
234                android:value="androidx.startup" />
234-->[androidx.emoji2:emoji2:1.3.0] AndroidManifest.xml:31:17-49
235            <meta-data
235-->[androidx.lifecycle:lifecycle-process:2.6.2] AndroidManifest.xml:29:13-31:52
236                android:name="androidx.lifecycle.ProcessLifecycleInitializer"
236-->[androidx.lifecycle:lifecycle-process:2.6.2] AndroidManifest.xml:30:17-78
237                android:value="androidx.startup" />
237-->[androidx.lifecycle:lifecycle-process:2.6.2] AndroidManifest.xml:31:17-49
238            <meta-data
238-->[androidx.profileinstaller:profileinstaller:1.3.1] AndroidManifest.xml:29:13-31:52
239                android:name="androidx.profileinstaller.ProfileInstallerInitializer"
239-->[androidx.profileinstaller:profileinstaller:1.3.1] AndroidManifest.xml:30:17-85
240                android:value="androidx.startup" />
240-->[androidx.profileinstaller:profileinstaller:1.3.1] AndroidManifest.xml:31:17-49
241        </provider>
242
243        <service
243-->[com.google.android.datatransport:transport-backend-cct:3.1.8] AndroidManifest.xml:28:9-34:19
244            android:name="com.google.android.datatransport.runtime.backends.TransportBackendDiscovery"
244-->[com.google.android.datatransport:transport-backend-cct:3.1.8] AndroidManifest.xml:29:13-103
245            android:exported="false" >
245-->[com.google.android.datatransport:transport-backend-cct:3.1.8] AndroidManifest.xml:30:13-37
246            <meta-data
246-->[com.google.android.datatransport:transport-backend-cct:3.1.8] AndroidManifest.xml:31:13-33:39
247                android:name="backend:com.google.android.datatransport.cct.CctBackendFactory"
247-->[com.google.android.datatransport:transport-backend-cct:3.1.8] AndroidManifest.xml:32:17-94
248                android:value="cct" />
248-->[com.google.android.datatransport:transport-backend-cct:3.1.8] AndroidManifest.xml:33:17-36
249        </service>
250        <service
250-->[com.google.android.datatransport:transport-runtime:3.1.8] AndroidManifest.xml:26:9-30:19
251            android:name="com.google.android.datatransport.runtime.scheduling.jobscheduling.JobInfoSchedulerService"
251-->[com.google.android.datatransport:transport-runtime:3.1.8] AndroidManifest.xml:27:13-117
252            android:exported="false"
252-->[com.google.android.datatransport:transport-runtime:3.1.8] AndroidManifest.xml:28:13-37
253            android:permission="android.permission.BIND_JOB_SERVICE" >
253-->[com.google.android.datatransport:transport-runtime:3.1.8] AndroidManifest.xml:29:13-69
254        </service>
255
256        <receiver
256-->[com.google.android.datatransport:transport-runtime:3.1.8] AndroidManifest.xml:32:9-34:40
257            android:name="com.google.android.datatransport.runtime.scheduling.jobscheduling.AlarmManagerSchedulerBroadcastReceiver"
257-->[com.google.android.datatransport:transport-runtime:3.1.8] AndroidManifest.xml:33:13-132
258            android:exported="false" />
258-->[com.google.android.datatransport:transport-runtime:3.1.8] AndroidManifest.xml:34:13-37
259        <receiver
259-->[androidx.profileinstaller:profileinstaller:1.3.1] AndroidManifest.xml:34:9-52:20
260            android:name="androidx.profileinstaller.ProfileInstallReceiver"
260-->[androidx.profileinstaller:profileinstaller:1.3.1] AndroidManifest.xml:35:13-76
261            android:directBootAware="false"
261-->[androidx.profileinstaller:profileinstaller:1.3.1] AndroidManifest.xml:36:13-44
262            android:enabled="true"
262-->[androidx.profileinstaller:profileinstaller:1.3.1] AndroidManifest.xml:37:13-35
263            android:exported="true"
263-->[androidx.profileinstaller:profileinstaller:1.3.1] AndroidManifest.xml:38:13-36
264            android:permission="android.permission.DUMP" >
264-->[androidx.profileinstaller:profileinstaller:1.3.1] AndroidManifest.xml:39:13-57
265            <intent-filter>
265-->[androidx.profileinstaller:profileinstaller:1.3.1] AndroidManifest.xml:40:13-42:29
266                <action android:name="androidx.profileinstaller.action.INSTALL_PROFILE" />
266-->[androidx.profileinstaller:profileinstaller:1.3.1] AndroidManifest.xml:41:17-91
266-->[androidx.profileinstaller:profileinstaller:1.3.1] AndroidManifest.xml:41:25-88
267            </intent-filter>
268            <intent-filter>
268-->[androidx.profileinstaller:profileinstaller:1.3.1] AndroidManifest.xml:43:13-45:29
269                <action android:name="androidx.profileinstaller.action.SKIP_FILE" />
269-->[androidx.profileinstaller:profileinstaller:1.3.1] AndroidManifest.xml:44:17-85
269-->[androidx.profileinstaller:profileinstaller:1.3.1] AndroidManifest.xml:44:25-82
270            </intent-filter>
271            <intent-filter>
271-->[androidx.profileinstaller:profileinstaller:1.3.1] AndroidManifest.xml:46:13-48:29
272                <action android:name="androidx.profileinstaller.action.SAVE_PROFILE" />
272-->[androidx.profileinstaller:profileinstaller:1.3.1] AndroidManifest.xml:47:17-88
272-->[androidx.profileinstaller:profileinstaller:1.3.1] AndroidManifest.xml:47:25-85
273            </intent-filter>
274            <intent-filter>
274-->[androidx.profileinstaller:profileinstaller:1.3.1] AndroidManifest.xml:49:13-51:29
275                <action android:name="androidx.profileinstaller.action.BENCHMARK_OPERATION" />
275-->[androidx.profileinstaller:profileinstaller:1.3.1] AndroidManifest.xml:50:17-95
275-->[androidx.profileinstaller:profileinstaller:1.3.1] AndroidManifest.xml:50:25-92
276            </intent-filter>
277        </receiver>
278    </application>
279
280</manifest>